<?xml version="1.0" encoding="UTF-8"?>
<!-- Generated by org.testng.reporters.JUnitXMLReporter -->
<testsuite hostname="AYRUS" ignored="4" name="Default test" tests="6" failures="0" timestamp="2019-09-11T14:55:53 IST" time="575.299" errors="0">
  <testcase name="ValidateAdjustmentEntereEqualsWith" time="74.402" classname="com.lexicata.quote.Quotes"/>
  <testcase name="ValidateAssingedToEnterEqualsWith" time="80.288" classname="com.lexicata.quote.Quotes"/>
  <testcase name="ValidateCurrencyEnterEqualsWith" time="91.287" classname="com.lexicata.quote.Quotes"/>
  <testcase name="ValidateDiscountAmountEnterEqualsWith" time="85.192" classname="com.lexicata.quote.Quotes"/>
  <testcase name="ValidateDiscountPercentEnterEqualsWith" time="76.962" classname="com.lexicata.quote.Quotes"/>
  <testcase name="ValidateInventoryManagerEnterEqualsWith" time="92.925" classname="com.lexicata.quote.Quotes"/>
  <testcase name="ValidateContactNameEnterEqualsWith" time="0.0" classname="com.lexicata.quote.Quotes">
    <ignored/>
  </testcase> <!-- ValidateContactNameEnterEqualsWith -->
  <testcase name="ValidateConversionRateEnterEqualsWith" time="0.0" classname="com.lexicata.quote.Quotes">
    <ignored/>
  </testcase> <!-- ValidateConversionRateEnterEqualsWith -->
  <testcase name="ValidateCarrierEnterEqualsWith" time="0.0" classname="com.lexicata.quote.Quotes">
    <ignored/>
  </testcase> <!-- ValidateCarrierEnterEqualsWith -->
  <testcase name="ValidateCreatedTimeEnterEqualsWith" time="0.0" classname="com.lexicata.quote.Quotes">
    <ignored/>
  </testcase> <!-- ValidateCreatedTimeEnterEqualsWith -->
</testsuite> <!-- Default test -->
